2020-01-02 09:38:55.784 [restartedMain] org.springframework.boot.SpringApplication.reportFailure(SpringApplication.java:845) [ERROR]: - Application run failed  
org.springframework.beans.factory.BeanDefinitionStoreException: Failed to parse configuration class [com.JeeApplication]; nested exception is org.springframework.context.annotation.ConflictingBeanDefinitionException: Annotation-specified bean name 'sysUserService' for bean class [com.modules.webservice.impl.SysUserService] conflicts with existing, non-compatible bean definition of same name and class [com.modules.system.service.impl.SysUserService]
	at org.springframework.context.annotation.ConfigurationClassParser.parse(ConfigurationClassParser.java:184)
	at org.springframework.context.annotation.ConfigurationClassPostProcessor.processConfigBeanDefinitions(ConfigurationClassPostProcessor.java:316)
	at org.springframework.context.annotation.ConfigurationClassPostProcessor.postProcessBeanDefinitionRegistry(ConfigurationClassPostProcessor.java:233)
	at org.springframework.context.support.PostProcessorRegistrationDelegate.invokeBeanDefinitionRegistryPostProcessors(PostProcessorRegistrationDelegate.java:271)
	at org.springframework.context.support.PostProcessorRegistrationDelegate.invokeBeanFactoryPostProcessors(PostProcessorRegistrationDelegate.java:91)
	at org.springframework.context.support.AbstractApplicationContext.invokeBeanFactoryPostProcessors(AbstractApplicationContext.java:694)
	at org.springframework.context.support.AbstractApplicationContext.refresh(AbstractApplicationContext.java:532)
	at org.springframework.boot.web.servlet.context.ServletWebServerApplicationContext.refresh(ServletWebServerApplicationContext.java:140)
	at org.springframework.boot.SpringApplication.refresh(SpringApplication.java:762)
	at org.springframework.boot.SpringApplication.refreshContext(SpringApplication.java:398)
	at org.springframework.boot.SpringApplication.run(SpringApplication.java:330)
	at org.springframework.boot.SpringApplication.run(SpringApplication.java:1258)
	at org.springframework.boot.SpringApplication.run(SpringApplication.java:1246)
	at com.JeeApplication.main(JeeApplication.java:31)
	at sun.reflect.NativeMethodAccessorImpl.invoke0(Native Method)
	at sun.reflect.NativeMethodAccessorImpl.invoke(NativeMethodAccessorImpl.java:62)
	at sun.reflect.DelegatingMethodAccessorImpl.invoke(DelegatingMethodAccessorImpl.java:43)
	at java.lang.reflect.Method.invoke(Method.java:498)
	at org.springframework.boot.devtools.restart.RestartLauncher.run(RestartLauncher.java:49)
Caused by: org.springframework.context.annotation.ConflictingBeanDefinitionException: Annotation-specified bean name 'sysUserService' for bean class [com.modules.webservice.impl.SysUserService] conflicts with existing, non-compatible bean definition of same name and class [com.modules.system.service.impl.SysUserService]
	at org.springframework.context.annotation.ClassPathBeanDefinitionScanner.checkCandidate(ClassPathBeanDefinitionScanner.java:348)
	at org.springframework.context.annotation.ClassPathBeanDefinitionScanner.doScan(ClassPathBeanDefinitionScanner.java:286)
	at org.springframework.context.annotation.ComponentScanAnnotationParser.parse(ComponentScanAnnotationParser.java:132)
	at org.springframework.context.annotation.ConfigurationClassParser.doProcessConfigurationClass(ConfigurationClassParser.java:288)
	at org.springframework.context.annotation.ConfigurationClassParser.processConfigurationClass(ConfigurationClassParser.java:245)
	at org.springframework.context.annotation.ConfigurationClassParser.parse(ConfigurationClassParser.java:202)
	at org.springframework.context.annotation.ConfigurationClassParser.parse(ConfigurationClassParser.java:170)
	... 18 more
2020-01-02 09:44:00.656 [http-nio-8081-exec-1] com.modules.shiro.authc.JwtFilter.executeLogin(JwtFilter.java:51) [ERROR]: - jwt的放开判断记得改回来  
2020-01-02 09:45:11.837 [http-nio-8081-exec-5] com.modules.shiro.authc.JwtFilter.executeLogin(JwtFilter.java:51) [ERROR]: - jwt的放开判断记得改回来  
2020-01-02 09:52:48.965 [http-nio-8081-exec-1] com.modules.shiro.authc.JwtFilter.executeLogin(JwtFilter.java:51) [ERROR]: - jwt的放开判断记得改回来  
2020-01-02 09:56:43.083 [http-nio-8081-exec-1] com.modules.shiro.authc.JwtFilter.executeLogin(JwtFilter.java:51) [ERROR]: - jwt的放开判断记得改回来  
2020-01-02 10:02:31.904 [http-nio-8081-exec-1] com.modules.shiro.authc.JwtFilter.executeLogin(JwtFilter.java:51) [ERROR]: - jwt的放开判断记得改回来  
2020-01-02 10:02:59.163 [http-nio-8081-exec-2] com.modules.shiro.authc.JwtFilter.executeLogin(JwtFilter.java:51) [ERROR]: - jwt的放开判断记得改回来  
2020-01-02 10:05:44.255 [http-nio-8081-exec-10] com.modules.shiro.authc.JwtFilter.executeLogin(JwtFilter.java:51) [ERROR]: - jwt的放开判断记得改回来  
2020-01-02 10:05:59.046 [http-nio-8081-exec-8] com.modules.shiro.authc.JwtFilter.executeLogin(JwtFilter.java:51) [ERROR]: - jwt的放开判断记得改回来  
2020-01-02 10:39:57.368 [http-nio-8081-exec-9] com.modules.shiro.authc.JwtFilter.executeLogin(JwtFilter.java:51) [ERROR]: - jwt的放开判断记得改回来  
2020-01-02 10:41:46.356 [http-nio-8081-exec-7] com.modules.shiro.authc.JwtFilter.executeLogin(JwtFilter.java:51) [ERROR]: - jwt的放开判断记得改回来  
2020-01-02 10:49:31.055 [http-nio-8081-exec-1] com.modules.shiro.authc.JwtFilter.executeLogin(JwtFilter.java:51) [ERROR]: - jwt的放开判断记得改回来  
2020-01-02 10:54:27.406 [http-nio-8081-exec-3] com.modules.shiro.authc.JwtFilter.executeLogin(JwtFilter.java:51) [ERROR]: - jwt的放开判断记得改回来  
2020-01-02 11:22:23.773 [http-nio-8081-exec-2] com.modules.shiro.authc.JwtFilter.executeLogin(JwtFilter.java:51) [ERROR]: - jwt的放开判断记得改回来  
2020-01-02 11:22:43.513 [http-nio-8081-exec-1] com.modules.shiro.authc.JwtFilter.executeLogin(JwtFilter.java:51) [ERROR]: - jwt的放开判断记得改回来  
2020-01-02 11:37:45.908 [http-nio-8081-exec-8] com.modules.shiro.authc.JwtFilter.executeLogin(JwtFilter.java:51) [ERROR]: - jwt的放开判断记得改回来  
2020-01-02 11:38:26.525 [http-nio-8081-exec-5] com.modules.shiro.authc.JwtFilter.executeLogin(JwtFilter.java:51) [ERROR]: - jwt的放开判断记得改回来  
2020-01-02 11:51:08.612 [http-nio-8081-exec-6] com.modules.shiro.authc.JwtFilter.executeLogin(JwtFilter.java:51) [ERROR]: - jwt的放开判断记得改回来  
2020-01-02 11:59:55.233 [http-nio-8081-exec-7] com.modules.shiro.authc.JwtFilter.executeLogin(JwtFilter.java:51) [ERROR]: - jwt的放开判断记得改回来  
2020-01-02 12:01:45.492 [http-nio-8081-exec-2] com.modules.shiro.authc.JwtFilter.executeLogin(JwtFilter.java:51) [ERROR]: - jwt的放开判断记得改回来  
2020-01-02 12:17:41.175 [http-nio-8081-exec-9] com.modules.shiro.authc.JwtFilter.executeLogin(JwtFilter.java:51) [ERROR]: - jwt的放开判断记得改回来  
2020-01-02 12:17:53.348 [http-nio-8081-exec-10] com.modules.shiro.authc.JwtFilter.executeLogin(JwtFilter.java:51) [ERROR]: - jwt的放开判断记得改回来  
2020-01-02 12:19:18.712 [http-nio-8081-exec-3] com.modules.shiro.authc.JwtFilter.executeLogin(JwtFilter.java:51) [ERROR]: - jwt的放开判断记得改回来  
2020-01-02 12:20:05.713 [http-nio-8081-exec-1] com.modules.shiro.authc.JwtFilter.executeLogin(JwtFilter.java:51) [ERROR]: - jwt的放开判断记得改回来  
2020-01-02 13:45:27.898 [http-nio-8081-exec-4] com.modules.shiro.authc.JwtFilter.executeLogin(JwtFilter.java:51) [ERROR]: - jwt的放开判断记得改回来  
2020-01-02 13:47:16.956 [http-nio-8081-exec-8] com.modules.shiro.authc.JwtFilter.executeLogin(JwtFilter.java:51) [ERROR]: - jwt的放开判断记得改回来  
2020-01-02 13:52:46.100 [http-nio-8081-exec-5] com.modules.shiro.authc.JwtFilter.executeLogin(JwtFilter.java:51) [ERROR]: - jwt的放开判断记得改回来  
2020-01-02 13:59:29.880 [http-nio-8081-exec-1] com.modules.shiro.authc.JwtFilter.executeLogin(JwtFilter.java:51) [ERROR]: - jwt的放开判断记得改回来  
2020-01-02 14:02:24.556 [http-nio-8081-exec-1] com.modules.shiro.authc.JwtFilter.executeLogin(JwtFilter.java:51) [ERROR]: - jwt的放开判断记得改回来  
2020-01-02 14:07:13.740 [http-nio-8081-exec-2] com.modules.shiro.authc.JwtFilter.executeLogin(JwtFilter.java:51) [ERROR]: - jwt的放开判断记得改回来  
2020-01-02 14:09:51.272 [http-nio-8081-exec-2] com.modules.shiro.authc.JwtFilter.executeLogin(JwtFilter.java:51) [ERROR]: - jwt的放开判断记得改回来  
2020-01-02 14:19:42.495 [http-nio-8081-exec-1] com.modules.shiro.authc.JwtFilter.executeLogin(JwtFilter.java:51) [ERROR]: - jwt的放开判断记得改回来  
2020-01-02 14:22:31.814 [http-nio-8081-exec-1] com.modules.shiro.authc.JwtFilter.executeLogin(JwtFilter.java:51) [ERROR]: - jwt的放开判断记得改回来  
2020-01-02 14:24:24.213 [http-nio-8081-exec-5] com.modules.shiro.authc.JwtFilter.executeLogin(JwtFilter.java:51) [ERROR]: - jwt的放开判断记得改回来  
2020-01-02 14:26:06.345 [http-nio-8081-exec-3] com.modules.shiro.authc.JwtFilter.executeLogin(JwtFilter.java:51) [ERROR]: - jwt的放开判断记得改回来  
2020-01-02 14:30:35.531 [http-nio-8081-exec-1] com.modules.shiro.authc.JwtFilter.executeLogin(JwtFilter.java:51) [ERROR]: - jwt的放开判断记得改回来  
2020-01-02 14:31:39.110 [http-nio-8081-exec-2] com.modules.shiro.authc.JwtFilter.executeLogin(JwtFilter.java:51) [ERROR]: - jwt的放开判断记得改回来  
2020-01-02 14:37:26.891 [http-nio-8081-exec-4] com.modules.shiro.authc.JwtFilter.executeLogin(JwtFilter.java:51) [ERROR]: - jwt的放开判断记得改回来  
2020-01-02 14:38:14.665 [http-nio-8081-exec-3] com.modules.shiro.authc.JwtFilter.executeLogin(JwtFilter.java:51) [ERROR]: - jwt的放开判断记得改回来  
2020-01-02 14:46:15.611 [http-nio-8081-exec-1] com.modules.shiro.authc.JwtFilter.executeLogin(JwtFilter.java:51) [ERROR]: - jwt的放开判断记得改回来  
2020-01-02 14:46:44.500 [http-nio-8081-exec-3] com.modules.shiro.authc.JwtFilter.executeLogin(JwtFilter.java:51) [ERROR]: - jwt的放开判断记得改回来  
2020-01-02 15:00:00.067 [quartzScheduler_Worker-1] com.modules.quartz.service.impl.QuartzServiceV2Impl.addExecuteRecord(QuartzServiceV2Impl.java:175) [ERROR]: - 保存运行时间失败  
2020-01-02 15:00:00.070 [quartzScheduler_Worker-1] com.component.ManageableJob.execute(ManageableJob.java:50) [ERROR]: - [execute jon] exception when execute: com.modules.quartz.service.impl.QuartzServiceV2Impl.addExecuteRecord(QuartzServiceV2Impl.java:176)  
2020-01-02 15:00:00.147 [http-nio-8081-exec-1] com.modules.shiro.authc.JwtFilter.executeLogin(JwtFilter.java:51) [ERROR]: - jwt的放开判断记得改回来  
2020-01-02 15:00:00.208 [quartzScheduler_Worker-1] org.quartz.core.JobRunShell.run(JobRunShell.java:211) [ERROR]: - Job DEFAULT.renren threw an unhandled Exception:   
java.lang.NullPointerException
	at com.component.ManageableJob.execute(ManageableJob.java:76)
	at org.quartz.core.JobRunShell.run(JobRunShell.java:202)
	at org.quartz.simpl.SimpleThreadPool$WorkerThread.run(SimpleThreadPool.java:573)
2020-01-02 15:00:00.210 [quartzScheduler_Worker-1] org.quartz.core.ErrorLogger.schedulerError(QuartzScheduler.java:2401) [ERROR]: - Job (DEFAULT.renren threw an exception.  
org.quartz.SchedulerException: Job threw an unhandled exception. [See nested exception: java.lang.NullPointerException]
	at org.quartz.core.JobRunShell.run(JobRunShell.java:213)
	at org.quartz.simpl.SimpleThreadPool$WorkerThread.run(SimpleThreadPool.java:573)
Caused by: java.lang.NullPointerException
	at com.component.ManageableJob.execute(ManageableJob.java:76)
	at org.quartz.core.JobRunShell.run(JobRunShell.java:202)
	... 1 more
2020-01-02 15:17:20.289 [restartedMain] org.springframework.boot.SpringApplication.reportFailure(SpringApplication.java:845) [ERROR]: - Application run failed  
org.springframework.beans.factory.UnsatisfiedDependencyException: Error creating bean with name 'pageInterceptor': Unsatisfied dependency expressed through field 'templates'; nested exception is org.springframework.beans.factory.NoSuchBeanDefinitionException: No qualifying bean of type 'java.util.Set<java.lang.String>' available: expected at least 1 bean which qualifies as autowire candidate. Dependency annotations: {@org.springframework.beans.factory.annotation.Autowired(required=true)}
	at org.springframework.beans.factory.annotation.AutowiredAnnotationBeanPostProcessor$AutowiredFieldElement.inject(AutowiredAnnotationBeanPostProcessor.java:586)
	at org.springframework.beans.factory.annotation.InjectionMetadata.inject(InjectionMetadata.java:91)
	at org.springframework.beans.factory.annotation.AutowiredAnnotationBeanPostProcessor.postProcessPropertyValues(AutowiredAnnotationBeanPostProcessor.java:372)
	at org.springframework.beans.factory.support.AbstractAutowireCapableBeanFactory.populateBean(AbstractAutowireCapableBeanFactory.java:1341)
	at org.springframework.beans.factory.support.AbstractAutowireCapableBeanFactory.doCreateBean(AbstractAutowireCapableBeanFactory.java:572)
	at org.springframework.beans.factory.support.AbstractAutowireCapableBeanFactory.createBean(AbstractAutowireCapableBeanFactory.java:495)
	at org.springframework.beans.factory.support.AbstractBeanFactory.lambda$doGetBean$0(AbstractBeanFactory.java:317)
	at org.springframework.beans.factory.support.DefaultSingletonBeanRegistry.getSingleton(DefaultSingletonBeanRegistry.java:222)
	at org.springframework.beans.factory.support.AbstractBeanFactory.doGetBean(AbstractBeanFactory.java:315)
	at org.springframework.beans.factory.support.AbstractBeanFactory.getBean(AbstractBeanFactory.java:199)
	at org.springframework.beans.factory.support.DefaultListableBeanFactory.preInstantiateSingletons(DefaultListableBeanFactory.java:759)
	at org.springframework.context.support.AbstractApplicationContext.finishBeanFactoryInitialization(AbstractApplicationContext.java:869)
	at org.springframework.context.support.AbstractApplicationContext.refresh(AbstractApplicationContext.java:550)
	at org.springframework.boot.web.servlet.context.ServletWebServerApplicationContext.refresh(ServletWebServerApplicationContext.java:140)
	at org.springframework.boot.SpringApplication.refresh(SpringApplication.java:762)
	at org.springframework.boot.SpringApplication.refreshContext(SpringApplication.java:398)
	at org.springframework.boot.SpringApplication.run(SpringApplication.java:330)
	at org.springframework.boot.SpringApplication.run(SpringApplication.java:1258)
	at org.springframework.boot.SpringApplication.run(SpringApplication.java:1246)
	at com.JeeApplication.main(JeeApplication.java:31)
	at sun.reflect.NativeMethodAccessorImpl.invoke0(Native Method)
	at sun.reflect.NativeMethodAccessorImpl.invoke(NativeMethodAccessorImpl.java:62)
	at sun.reflect.DelegatingMethodAccessorImpl.invoke(DelegatingMethodAccessorImpl.java:43)
	at java.lang.reflect.Method.invoke(Method.java:498)
	at org.springframework.boot.devtools.restart.RestartLauncher.run(RestartLauncher.java:49)
Caused by: org.springframework.beans.factory.NoSuchBeanDefinitionException: No qualifying bean of type 'java.util.Set<java.lang.String>' available: expected at least 1 bean which qualifies as autowire candidate. Dependency annotations: {@org.springframework.beans.factory.annotation.Autowired(required=true)}
	at org.springframework.beans.factory.support.DefaultListableBeanFactory.raiseNoMatchingBeanFound(DefaultListableBeanFactory.java:1506)
	at org.springframework.beans.factory.support.DefaultListableBeanFactory.doResolveDependency(DefaultListableBeanFactory.java:1101)
	at org.springframework.beans.factory.support.DefaultListableBeanFactory.resolveDependency(DefaultListableBeanFactory.java:1062)
	at org.springframework.beans.factory.annotation.AutowiredAnnotationBeanPostProcessor$AutowiredFieldElement.inject(AutowiredAnnotationBeanPostProcessor.java:583)
	... 24 more
2020-01-02 17:35:00.371 [restartedMain] org.springframework.boot.SpringApplication.reportFailure(SpringApplication.java:845) [ERROR]: - Application run failed  
org.springframework.beans.factory.UnsatisfiedDependencyException: Error creating bean with name 'pageInterceptor': Unsatisfied dependency expressed through field 'templates'; nested exception is org.springframework.beans.factory.NoSuchBeanDefinitionException: No qualifying bean of type 'java.util.Set<java.lang.String>' available: expected at least 1 bean which qualifies as autowire candidate. Dependency annotations: {@org.springframework.beans.factory.annotation.Autowired(required=true)}
	at org.springframework.beans.factory.annotation.AutowiredAnnotationBeanPostProcessor$AutowiredFieldElement.inject(AutowiredAnnotationBeanPostProcessor.java:586)
	at org.springframework.beans.factory.annotation.InjectionMetadata.inject(InjectionMetadata.java:91)
	at org.springframework.beans.factory.annotation.AutowiredAnnotationBeanPostProcessor.postProcessPropertyValues(AutowiredAnnotationBeanPostProcessor.java:372)
	at org.springframework.beans.factory.support.AbstractAutowireCapableBeanFactory.populateBean(AbstractAutowireCapableBeanFactory.java:1341)
	at org.springframework.beans.factory.support.AbstractAutowireCapableBeanFactory.doCreateBean(AbstractAutowireCapableBeanFactory.java:572)
	at org.springframework.beans.factory.support.AbstractAutowireCapableBeanFactory.createBean(AbstractAutowireCapableBeanFactory.java:495)
	at org.springframework.beans.factory.support.AbstractBeanFactory.lambda$doGetBean$0(AbstractBeanFactory.java:317)
	at org.springframework.beans.factory.support.DefaultSingletonBeanRegistry.getSingleton(DefaultSingletonBeanRegistry.java:222)
	at org.springframework.beans.factory.support.AbstractBeanFactory.doGetBean(AbstractBeanFactory.java:315)
	at org.springframework.beans.factory.support.AbstractBeanFactory.getBean(AbstractBeanFactory.java:199)
	at org.springframework.beans.factory.support.DefaultListableBeanFactory.preInstantiateSingletons(DefaultListableBeanFactory.java:759)
	at org.springframework.context.support.AbstractApplicationContext.finishBeanFactoryInitialization(AbstractApplicationContext.java:869)
	at org.springframework.context.support.AbstractApplicationContext.refresh(AbstractApplicationContext.java:550)
	at org.springframework.boot.web.servlet.context.ServletWebServerApplicationContext.refresh(ServletWebServerApplicationContext.java:140)
	at org.springframework.boot.SpringApplication.refresh(SpringApplication.java:762)
	at org.springframework.boot.SpringApplication.refreshContext(SpringApplication.java:398)
	at org.springframework.boot.SpringApplication.run(SpringApplication.java:330)
	at org.springframework.boot.SpringApplication.run(SpringApplication.java:1258)
	at org.springframework.boot.SpringApplication.run(SpringApplication.java:1246)
	at com.JeeApplication.main(JeeApplication.java:31)
	at sun.reflect.NativeMethodAccessorImpl.invoke0(Native Method)
	at sun.reflect.NativeMethodAccessorImpl.invoke(NativeMethodAccessorImpl.java:62)
	at sun.reflect.DelegatingMethodAccessorImpl.invoke(DelegatingMethodAccessorImpl.java:43)
	at java.lang.reflect.Method.invoke(Method.java:498)
	at org.springframework.boot.devtools.restart.RestartLauncher.run(RestartLauncher.java:49)
Caused by: org.springframework.beans.factory.NoSuchBeanDefinitionException: No qualifying bean of type 'java.util.Set<java.lang.String>' available: expected at least 1 bean which qualifies as autowire candidate. Dependency annotations: {@org.springframework.beans.factory.annotation.Autowired(required=true)}
	at org.springframework.beans.factory.support.DefaultListableBeanFactory.raiseNoMatchingBeanFound(DefaultListableBeanFactory.java:1506)
	at org.springframework.beans.factory.support.DefaultListableBeanFactory.doResolveDependency(DefaultListableBeanFactory.java:1101)
	at org.springframework.beans.factory.support.DefaultListableBeanFactory.resolveDependency(DefaultListableBeanFactory.java:1062)
	at org.springframework.beans.factory.annotation.AutowiredAnnotationBeanPostProcessor$AutowiredFieldElement.inject(AutowiredAnnotationBeanPostProcessor.java:583)
	... 24 more
